<?xml version="1.0" encoding="UTF-8"?>
<testsuite xmlns:xsi="http://www.w3.org/2001/XMLSchema-instance" xsi:noNamespaceSchemaLocation="https://maven.apache.org/surefire/maven-surefire-plugin/xsd/surefire-test-report.xsd" name="net.codejava.UserApiControllerTests" time="2.203" tests="3" errors="1" skipped="0" failures="0">
  <properties>
[...]
</properties>
  <testcase name="testUpdateShouldReturn200Ok" classname="net.codejava.UserApiControllerTests" time="0.121">
    <error message="Request processing failed: java.lang.IllegalArgumentException: The given id must not be null and must match the path variable" type="jakarta.servlet.ServletException">jakarta.servlet.ServletException: Request processing failed: java.lang.IllegalArgumentException: The given id must not be null and must match the path variable
	at net.codejava.UserApiControllerTests.testUpdateShouldReturn200Ok(UserApiControllerTests.java:107)
Caused by: java.lang.IllegalArgumentException: The given id must not be null and must match the path variable
	at net.codejava.UserApiControllerTests.testUpdateShouldReturn200Ok(UserApiControllerTests.java:107)
</error>
    <system-out><![CDATA[19:20:42.783 [main] DEBUG org.springframework.boot.test.autoconfigure.web.servlet.WebMvcTestContextBootstrapper - Neither @ContextConfiguration nor @ContextHierarchy found for test class [UserApiControllerTests]: using SpringBootContextLoader
19:20:42.787 [main] DEBUG org.springframework.test.context.support.AbstractContextLoader - Could not detect default resource locations for test class [net.codejava.UserApiControllerTests]: no resource found for suffixes {-context.xml, Context.groovy}.
19:20:42.787 [main] INFO org.springframework.test.context.support.AnnotationConfigContextLoaderUtils - Could not detect default configuration classes for test class [net.codejava.UserApiControllerTests]: UserApiControllerTests does not declare any static, non-private, non-final, nested classes annotated with @Configuration.
19:20:42.845 [main] DEBUG org.springframework.boot.test.autoconfigure.web.servlet.WebMvcTestContextBootstrapper - Using ContextCustomizers for test class [UserApiControllerTests]: [ImportsContextCustomizer, ExcludeFilterContextCustomizer, DuplicateJsonObjectContextCustomizer, MockitoContextCustomizer, DisableAutoConfigurationContextCustomizer, DisableObservabilityContextCustomizer, TypeExcludeFiltersContextCustomizer, PropertyMappingContextCustomizer, Customizer]
19:20:42.932 [main] DEBUG org.springframework.context.annotation.ClassPathScanningCandidateComponentProvider - Identified candidate component class: file [/home/aarti/Desktop/Demo2/REST-API-JUnit-Testing/UsersApiApplication/target/classes/net/codejava/UsersApiAppApplication.class]
19:20:42.933 [main] INFO org.springframework.boot.test.context.SpringBootTestContextBootstrapper - Found @SpringBootConfiguration net.codejava.UsersApiAppApplication for test class net.codejava.UserApiControllerTests
19:20:42.957 [main] DEBUG org.springframework.boot.test.autoconfigure.web.servlet.WebMvcTestContextBootstrapper - Using TestExecutionListeners for test class [UserApiControllerTests]: [ServletTestExecutionListener, DirtiesContextBeforeModesTestExecutionListener, ApplicationEventsTestExecutionListener, MockitoTestExecutionListener, DependencyInjectionTestExecutionListener, DirtiesContextTestExecutionListener, TransactionalTestExecutionListener, SqlScriptsTestExecutionListener, EventPublishingTestExecutionListener, ResetMocksTestExecutionListener, RestDocsTestExecutionListener, MockRestServiceServerResetTestExecutionListener, MockMvcPrintOnlyOnFailureTestExecutionListener, WebDriverTestExecutionListener, MockWebServiceServerTestExecutionListener]
19:20:42.958 [main] DEBUG org.springframework.test.context.support.AbstractDirtiesContextTestExecutionListener - Before test class: class [UserApiControllerTests], class annotated with @DirtiesContext [false] with mode [null]

  .   ____          _            __ _ _
 /\\ / ___'_ __ _ _(_)_ __  __ _ \ \ \ \
( ( )\___ | '_ | '_| | '_ \/ _` | \ \ \ \
 \\/  ___)| |_)| | | | | || (_| |  ) ) ) )
  '  |____| .__|_| |_|_| |_\__, | / / / /
 =========|_|==============|___/=/_/_/_/
 :: Spring Boot ::                (v3.0.4)

2024-05-16T19:20:43.345+05:30  INFO 15210 --- [           main] net.codejava.UserApiControllerTests      : Starting UserApiControllerTests using Java 17.0.8.1 with PID 15210 (started by aarti in /home/aarti/Desktop/Demo2/REST-API-JUnit-Testing/UsersApiApplication)
2024-05-16T19:20:43.347+05:30  INFO 15210 --- [           main] net.codejava.UserApiControllerTests      : No active profile set, falling back to 1 default profile: "default"
2024-05-16T19:20:44.524+05:30  INFO 15210 --- [           main] o.s.b.t.m.w.SpringBootMockServletContext : Initializing Spring TestDispatcherServlet ''
2024-05-16T19:20:44.524+05:30  INFO 15210 --- [           main] o.s.t.web.servlet.TestDispatcherServlet  : Initializing Servlet ''
2024-05-16T19:20:44.528+05:30  INFO 15210 --- [           main] o.s.t.web.servlet.TestDispatcherServlet  : Completed initialization in 2 ms
2024-05-16T19:20:44.545+05:30  INFO 15210 --- [           main] net.codejava.UserApiControllerTests      : Started UserApiControllerTests in 1.534 seconds (process running for 2.527)
]]></system-out>
  </testcase>
  <testcase name="testAddShouldReturn400BadRequest" classname="net.codejava.UserApiControllerTests" time="0.073"/>
  <testcase name="testAddShouldReturn201Created" classname="net.codejava.UserApiControllerTests" time="0.05"/>
</testsuite>